<?xml version="1.0" encoding="UTF-8"?>
<!-- Generated by org.testng.reporters.JUnitXMLReporter -->
<testsuite ignored="0" hostname="revenx-Inspiron-3584" failures="0" tests="5" name="Default test" time="113.079" errors="0" timestamp="2024-07-14T12:43:57 IST">
  <testcase classname="demo.AutoLogin" name="login" time="2.4"/>
  <testcase classname="demo.AutoLogin" name="addproduct" time="6.392"/>
  <testcase classname="demo.AutoLogin" name="confirmation" time="6.421"/>
  <testcase classname="demo.AutoLogin" name="finish" time="2.17"/>
  <testcase classname="demo.AutoLogin" name="Logout" time="2.179"/>
</testsuite> <!-- Default test -->
