<?xml version="1.0" encoding="UTF-8"?>
<testng-results ignored="0" total="5" passed="5" failed="0" skipped="0">
  <reporter-output>
  </reporter-output>
  <suite started-at="2024-07-14T12:42:04 IST" name="Default suite" finished-at="2024-07-14T12:43:57 IST" duration-ms="113079">
    <groups>
    </groups>
    <test started-at="2024-07-14T12:42:04 IST" name="Default test" finished-at="2024-07-14T12:43:57 IST" duration-ms="113079">
      <class name="demo.AutoLogin">
        <test-method is-config="true" signature="open()[pri:0, instance:demo.AutoLogin@242b836]" started-at="2024-07-14T12:42:04 IST" name="open" finished-at="2024-07-14T12:43:37 IST" duration-ms="93246" status="PASS">
          <reporter-output>
          </reporter-output>
        </test-method> <!-- open -->
        <test-method signature="login()[pri:1, instance:demo.AutoLogin@242b836]" started-at="2024-07-14T12:43:37 IST" name="login" finished-at="2024-07-14T12:43:39 IST" duration-ms="2400" status="PASS">
          <reporter-output>
          </reporter-output>
        </test-method> <!-- login -->
        <test-method signature="addproduct()[pri:2, instance:demo.AutoLogin@242b836]" started-at="2024-07-14T12:43:39 IST" name="addproduct" finished-at="2024-07-14T12:43:46 IST" duration-ms="6392" status="PASS">
          <reporter-output>
          </reporter-output>
        </test-method> <!-- addproduct -->
        <test-method signature="confirmation()[pri:3, instance:demo.AutoLogin@242b836]" started-at="2024-07-14T12:43:46 IST" name="confirmation" finished-at="2024-07-14T12:43:52 IST" duration-ms="6421" status="PASS">
          <reporter-output>
          </reporter-output>
        </test-method> <!-- confirmation -->
        <test-method signature="finish()[pri:4, instance:demo.AutoLogin@242b836]" started-at="2024-07-14T12:43:52 IST" name="finish" finished-at="2024-07-14T12:43:54 IST" duration-ms="2170" status="PASS">
          <reporter-output>
          </reporter-output>
        </test-method> <!-- finish -->
        <test-method signature="Logout()[pri:5, instance:demo.AutoLogin@242b836]" started-at="2024-07-14T12:43:54 IST" name="Logout" finished-at="2024-07-14T12:43:56 IST" duration-ms="2179" status="PASS">
          <reporter-output>
          </reporter-output>
        </test-method> <!-- Logout -->
        <test-method is-config="true" signature="close()[pri:0, instance:demo.AutoLogin@242b836]" started-at="2024-07-14T12:43:56 IST" name="close" finished-at="2024-07-14T12:43:57 IST" duration-ms="165" status="PASS">
          <reporter-output>
          </reporter-output>
        </test-method> <!-- close -->
      </class> <!-- demo.AutoLogin -->
    </test> <!-- Default test -->
  </suite> <!-- Default suite -->
</testng-results>
